<?xml version="1.0" encoding="UTF-8"?>
<!-- Generated by org.testng.reporters.JUnitXMLReporter -->
<testsuite ignored="1" hostname="TANMAY" failures="1" tests="5" name="Test" time="0.435" errors="0" timestamp="2022-04-04T23:54:29 IST">
  <testcase classname="testClassgandmasti.doublegandmasti" name="testCase1" time="0.008"/>
  <testcase classname="testClassgandmasti.doublegandmasti" name="testCase2" time="0.001"/>
  <testcase classname="testClassgandmasti.doublegandmasti" name="testCase3" time="0.001"/>
  <testcase classname="testClassgandmasti.doublegandmasti" name="testCase4" time="0.001">
    <failure type="java.lang.AssertionError" message="expected [true] but found [false]">
      <![CDATA[java.lang.AssertionError: expected [true] but found [false]
at testClassgandmasti.doublegandmasti.testCase4(doublegandmasti.java:73)
at java.base/java.util.ArrayList.forEach(ArrayList.java:1541)
... Removed 31 stack frames]]>
    </failure>
  </testcase> <!-- testCase4 -->
  <testcase classname="testClassgandmasti.doublegandmasti" name="testCase5" time="0.001">
    <skipped/>
  </testcase> <!-- testCase5 -->
  <testcase classname="testClassgandmasti.doublegandmasti" name="testCase6" time="0.0">
    <ignored/>
  </testcase> <!-- testCase6 -->
</testsuite> <!-- Test -->
